Arguments: 
  C:\Program Files\nodejs\node.exe C:\Users\ASUS\AppData\Roaming\npm\node_modules\yarn\bin\yarn.js install

PATH: 
  C:\Python27\;C:\Python27\Scripts;E:\Program Files\Python3.4.3\;E:\Program Files\Python3.4.3\Scripts;C:\ProgramData\Oracle\Java\javapath;C:\Program Files (x86)\Intel\iCLS Client\;C:\Program Files\Intel\iCLS Client\;C:\Windows\system32;C:\Windows;C:\Windows\System32\Wbem;C:\Windows\System32\WindowsPowerShell\v1.0\;C:\Program Files (x86)\NVIDIA Corporation\PhysX\Common;C:\Program Files (x86)\Intel\Intel(R) Management Engine Components\DAL;C:\Program Files\Intel\Intel(R) Management Engine Components\DAL;C:\Program Files (x86)\Intel\Intel(R) Management Engine Components\IPT;C:\Program Files\Intel\Intel(R) Management Engine Components\IPT;C:\Program Files\Microsoft SQL Server\130\Tools\Binn\;C:\Program Files\dotnet\;e:\Program Files\MATLAB\R2017a\runtime\win64;e:\Program Files\MATLAB\R2017a\bin;C:\WINDOWS\system32;C:\WINDOWS;C:\WINDOWS\System32\Wbem;C:\WINDOWS\System32\WindowsPowerShell\v1.0\;C:\WINDOWS\System32\OpenSSH\;C:\Program Files\Intel\WiFi\bin\;C:\Program Files\Common Files\Intel\WirelessCommon\;C:\Program Files (x86)\Microsoft SQL Server\150\DTS\Binn\;C:\ProgramData\chocolatey\bin;C:\Program Files\Java\jdk1.8.0_231\bin;C:\Program Files\nodejs\;E:\Program Files\Git\cmd;C:\Program Files (x86)\dotnet\;C:\Users\ASUS\AppData\Local\Android\Sdk\platform-tools;C:\Users\ASUS\AppData\Local\Microsoft\WindowsApps;C:\Program Files\Intel\WiFi\bin\;C:\Program Files\Common Files\Intel\WirelessCommon\;C:\ProgramData\ASUS\GitHubDesktop\bin;E:\Program Files\Microsoft VS Code\bin;C:\Users\ASUS\AppData\Roaming\npm;

Yarn version: 
  1.22.4

Node version: 
  10.17.0

Platform: 
  win32 x64

Trace: 
  Error: https://registry.yarnpkg.com/minimist/-/minimist-1.2.5.tgz: ESOCKETTIMEDOUT
      at ClientRequest.<anonymous> (C:\Users\ASUS\AppData\Roaming\npm\node_modules\yarn\lib\cli.js:141375:19)
      at Object.onceWrapper (events.js:286:20)
      at ClientRequest.emit (events.js:198:13)
      at TLSSocket.emitRequestTimeout (_http_client.js:662:40)
      at Object.onceWrapper (events.js:286:20)
      at TLSSocket.emit (events.js:198:13)
      at TLSSocket.Socket._onTimeout (net.js:443:8)
      at ontimeout (timers.js:436:11)
      at tryOnTimeout (timers.js:300:5)
      at listOnTimeout (timers.js:263:5)

npm manifest: 
  {
    "name": "AwesomeProject",
    "version": "0.0.1",
    "private": true,
    "scripts": {
      "android": "react-native run-android",
      "ios": "react-native run-ios",
      "start": "react-native start",
      "test": "jest",
      "lint": "eslint ."
    },
    "dependencies": {
      "@react-native-community/async-storage": "^1.10.3",
      "@react-native-community/masked-view": "^0.1.10",
      "@react-navigation/bottom-tabs": "^5.4.6",
      "accordion-collapse-react-native": "^0.3.1",
      "native-base": "^2.13.12",
      "react": "16.9.0",
      "react-native": "0.61.5",
      "react-native-gesture-handler": "^1.6.1",
      "react-native-linear-gradient": "^2.5.6",
      "react-native-maps": "0.27.1",
      "react-native-paper": "^3.10.1",
      "react-native-reanimated": "^1.8.0",
      "react-native-safe-area-context": "^1.0.2",
      "react-native-screens": "^2.7.0",
      "react-navigation": "^4.3.9",
      "react-navigation-material-bottom-tabs": "^2.2.12",
      "react-navigation-stack": "^2.5.1",
      "react-redux": "^7.2.0",
      "redux": "^4.0.5",
      "redux-thunk": "^2.3.0"
    },
    "devDependencies": {
      "@babel/core": "^7.6.2",
      "@babel/runtime": "^7.6.2",
      "@react-native-community/eslint-config": "^0.0.5",
      "babel-jest": "^24.9.0",
      "eslint": "^6.5.1",
      "jest": "^24.9.0",
      "metro-react-native-babel-preset": "^0.56.0",
      "react-test-renderer": "16.9.0"
    },
    "jest": {
      "preset": "react-native"
    }
  }

yarn manifest: 
  No manifest

Lockfile: 
  No lockfile
